2025-02-21 14:44:19 [main] INFO  uz.pdp.ilmpay.IlmpayApplication - Starting IlmpayApplication using Java 23.0.2 with PID 8635 (/home/lantanium/Documents/Ilmpay/target/classes started by lantanium in /home/lantanium/Documents/Ilmpay)
2025-02-21 14:44:19 [main] DEBUG uz.pdp.ilmpay.IlmpayApplication - Running with Spring Boot v3.2.2, Spring v6.1.3
2025-02-21 14:44:19 [main] INFO  uz.pdp.ilmpay.IlmpayApplication - No active profile set, falling back to 1 default profile: "default"
2025-02-21 14:44:20 [main] INFO  o.s.d.r.c.RepositoryConfigurationDelegate - Bootstrapping Spring Data JPA repositories in DEFAULT mode.
2025-02-21 14:44:20 [main] INFO  o.s.d.r.c.RepositoryConfigurationDelegate - Finished Spring Data repository scanning in 30 ms. Found 8 JPA repository interfaces.
2025-02-21 14:44:20 [main] WARN  o.s.c.s.PostProcessorRegistrationDelegate$BeanPostProcessorChecker - Bean 'webMvcConfig' of type [uz.pdp.ilmpay.Config.WebMvcConfig$$SpringCGLIB$$0] is not eligible for getting processed by all BeanPostProcessors (for example: not eligible for auto-proxying). The currently created BeanPostProcessor [methodValidationPostProcessor] is declared through a non-static factory method on that class; consider declaring it as static instead.
2025-02-21 14:44:20 [main] WARN  o.s.c.s.PostProcessorRegistrationDelegate$BeanPostProcessorChecker - Bean 'org.springframework.ws.config.annotation.DelegatingWsConfiguration' of type [org.springframework.ws.config.annotation.DelegatingWsConfiguration$$SpringCGLIB$$0] is not eligible for getting processed by all BeanPostProcessors (for example: not eligible for auto-proxying). The currently created BeanPostProcessor [annotationActionEndpointMapping] is declared through a non-static factory method on that class; consider declaring it as static instead.
2025-02-21 14:44:20 [main] INFO  o.s.w.s.a.s.AnnotationActionEndpointMapping - Supporting [WS-Addressing August 2004, WS-Addressing 1.0]
2025-02-21 14:44:20 [main] INFO  o.s.b.w.e.tomcat.TomcatWebServer - Tomcat initialized with port 8080 (http)
2025-02-21 14:44:20 [main] INFO  o.a.catalina.core.StandardService - Starting service [Tomcat]
2025-02-21 14:44:20 [main] INFO  o.a.catalina.core.StandardEngine - Starting Servlet engine: [Apache Tomcat/10.1.18]
2025-02-21 14:44:20 [main] INFO  o.a.c.c.C.[Tomcat].[localhost].[/] - Initializing Spring embedded WebApplicationContext
2025-02-21 14:44:20 [main] INFO  o.s.b.w.s.c.ServletWebServerApplicationContext - Root WebApplicationContext: initialization completed in 1163 ms
2025-02-21 14:44:21 [main] INFO  com.zaxxer.hikari.HikariDataSource - HikariPool-1 - Starting...
2025-02-21 14:44:24 [main] INFO  com.zaxxer.hikari.pool.HikariPool - HikariPool-1 - Added connection org.postgresql.jdbc.PgConnection@4aba7617
2025-02-21 14:44:24 [main] INFO  com.zaxxer.hikari.HikariDataSource - HikariPool-1 - Start completed.
2025-02-21 14:44:24 [main] INFO  org.flywaydb.core.FlywayExecutor - Database: jdbc:postgresql://viaduct.proxy.rlwy.net:13686/railway (PostgreSQL 16.4)
2025-02-21 14:44:29 [main] INFO  o.f.core.internal.command.DbMigrate - Current version of schema "public": 13
2025-02-21 14:44:29 [main] WARN  o.f.core.internal.command.DbMigrate - outOfOrder mode is active. Migration of schema "public" may not be reproducible.
2025-02-21 14:44:29 [main] WARN  o.f.core.internal.command.DbMigrate - Schema "public" has a version (13) that is newer than the latest available migration (5) !
2025-02-21 14:44:29 [main] INFO  o.f.core.internal.command.DbMigrate - Schema "public" is up to date. No migration necessary.
2025-02-21 14:44:31 [main] INFO  o.h.jpa.internal.util.LogHelper - HHH000204: Processing PersistenceUnitInfo [name: default]
2025-02-21 14:44:31 [main] INFO  org.hibernate.Version - HHH000412: Hibernate ORM core version 6.4.1.Final
2025-02-21 14:44:31 [main] INFO  o.h.c.i.RegionFactoryInitiator - HHH000026: Second-level cache disabled
2025-02-21 14:44:31 [main] INFO  o.s.o.j.p.SpringPersistenceUnitInfo - No LoadTimeWeaver setup: ignoring JPA class transformer
2025-02-21 14:44:31 [main] WARN  org.hibernate.orm.deprecation - HHH90000025: PostgreSQLDialect does not need to be specified explicitly using 'hibernate.dialect' (remove the property setting and it will be selected by default)
2025-02-21 14:44:32 [main] INFO  o.h.e.t.j.p.i.JtaPlatformInitiator - HHH000489: No JTA platform available (set 'hibernate.transaction.jta.platform' to enable JTA platform integration)
2025-02-21 14:44:32 [main] DEBUG org.hibernate.SQL - 
    drop table if exists benefit_cards cascade
2025-02-21 14:44:33 [main] DEBUG org.hibernate.SQL - 
    drop table if exists faq cascade
2025-02-21 14:44:33 [main] DEBUG org.hibernate.SQL - 
    drop table if exists faqs cascade
2025-02-21 14:44:33 [main] DEBUG org.hibernate.SQL - 
    drop table if exists support_logos cascade
2025-02-21 14:44:33 [main] DEBUG org.hibernate.SQL - 
    drop table if exists testimonials cascade
2025-02-21 14:44:34 [main] DEBUG org.hibernate.SQL - 
    drop table if exists users cascade
2025-02-21 14:44:34 [main] DEBUG org.hibernate.SQL - 
    drop table if exists visitors cascade
2025-02-21 14:44:34 [main] DEBUG org.hibernate.SQL - 
    create table benefit_cards (
        active boolean not null,
        display_order integer check ((display_order<=4) and (display_order>=1)),
        created_at timestamp(6),
        id bigserial not null,
        description TEXT,
        icon_url varchar(255),
        title varchar(255),
        primary key (id)
    )
2025-02-21 14:44:34 [main] DEBUG org.hibernate.SQL - 
    create table faq (
        id bigserial not null,
        answer TEXT,
        category varchar(255),
        question varchar(255),
        primary key (id)
    )
2025-02-21 14:44:35 [main] DEBUG org.hibernate.SQL - 
    create table faqs (
        active boolean not null,
        display_order integer,
        created_at timestamp(6),
        id bigserial not null,
        updated_at timestamp(6),
        answer TEXT not null,
        question varchar(255) not null,
        primary key (id)
    )
2025-02-21 14:44:35 [main] DEBUG org.hibernate.SQL - 
    create table support_logos (
        active boolean not null,
        display_order integer,
        created_at timestamp(6),
        id bigserial not null,
        image_url varchar(255),
        name varchar(255),
        website_url varchar(255),
        primary key (id)
    )
2025-02-21 14:44:35 [main] DEBUG org.hibernate.SQL - 
    create table testimonials (
        display_order integer,
        is_active boolean,
        rating integer not null,
        created_at timestamp(6),
        id bigserial not null,
        comment varchar(1000) not null,
        avatar_url varchar(255),
        name varchar(255) not null,
        primary key (id)
    )
2025-02-21 14:44:35 [main] DEBUG org.hibernate.SQL - 
    create table users (
        is_active boolean,
        login_count integer,
        created_at timestamp(6),
        id bigserial not null,
        last_activity timestamp(6),
        last_login timestamp(6),
        email varchar(255) not null unique,
        full_name varchar(255),
        password varchar(255) not null,
        phone_number varchar(255),
        role varchar(255) check (role in ('USER','ADMIN')),
        source varchar(255),
        primary key (id)
    )
2025-02-21 14:44:36 [main] DEBUG org.hibernate.SQL - 
    create table visitors (
        bounced boolean not null,
        is_active boolean not null,
        is_downloaded boolean not null,
        page_visit_count integer not null,
        first_visit_time timestamp(6) not null,
        id bigserial not null,
        last_active_time timestamp(6) not null,
        session_duration bigint,
        ip_address varchar(255) not null,
        last_page_visited varchar(255),
        session_id varchar(255) not null,
        user_agent varchar(255),
        primary key (id)
    )
2025-02-21 14:44:36 [main] DEBUG org.hibernate.SQL - 
    create index idx_session_id 
       on visitors (session_id)
2025-02-21 14:44:36 [main] DEBUG org.hibernate.SQL - 
    create index idx_last_active 
       on visitors (last_active_time)
2025-02-21 14:44:36 [main] INFO  o.s.o.j.LocalContainerEntityManagerFactoryBean - Initialized JPA EntityManagerFactory for persistence unit 'default'
2025-02-21 14:44:37 [main] INFO  o.s.d.j.r.query.QueryEnhancerFactory - Hibernate is in classpath; If applicable, HQL parser will be used.
2025-02-21 14:44:38 [main] INFO  o.s.b.a.w.s.WelcomePageHandlerMapping - Adding welcome page template: index
2025-02-21 14:44:38 [main] INFO  o.s.b.a.e.web.EndpointLinksResolver - Exposing 1 endpoint(s) beneath base path '/actuator'
2025-02-21 14:44:39 [main] INFO  o.s.s.web.DefaultSecurityFilterChain - Will secure any request with [org.springframework.security.web.session.DisableEncodeUrlFilter@23ece5f3, org.springframework.security.web.context.request.async.WebAsyncManagerIntegrationFilter@1d4767be, org.springframework.security.web.context.SecurityContextHolderFilter@4d75dba3, org.springframework.security.web.header.HeaderWriterFilter@132b11f8, org.springframework.web.filter.CorsFilter@6b475c1e, org.springframework.security.web.authentication.logout.LogoutFilter@287bdaf3, org.springframework.security.web.authentication.UsernamePasswordAuthenticationFilter@7a2e996c, org.springframework.security.web.savedrequest.RequestCacheAwareFilter@790446ea, org.springframework.security.web.servletapi.SecurityContextHolderAwareRequestFilter@2ef43e17, org.springframework.security.web.authentication.AnonymousAuthenticationFilter@21df4367, org.springframework.security.web.access.ExceptionTranslationFilter@5193cb13, org.springframework.security.web.access.intercept.AuthorizationFilter@590ed52d]
2025-02-21 14:44:39 [main] INFO  o.s.b.w.e.tomcat.TomcatWebServer - Tomcat started on port 8080 (http) with context path ''
2025-02-21 14:44:39 [main] INFO  uz.pdp.ilmpay.IlmpayApplication - Started IlmpayApplication in 20.045 seconds (process running for 20.468)
2025-02-21 14:44:40 [RMI TCP Connection(4)-127.0.0.1] INFO  o.a.c.c.C.[Tomcat].[localhost].[/] - Initializing Spring DispatcherServlet 'dispatcherServlet'
2025-02-21 14:44:40 [RMI TCP Connection(4)-127.0.0.1] INFO  o.s.web.servlet.DispatcherServlet - Initializing Servlet 'dispatcherServlet'
2025-02-21 14:44:40 [RMI TCP Connection(4)-127.0.0.1] INFO  o.s.web.servlet.DispatcherServlet - Completed initialization in 1 ms
